Mensaje I / 00:00:00:000 / Root(00) para top(01)
Mensaje I / 00:00:00:000 / top(01) para intrainqueue(02)
Mensaje D / 00:00:00:000 / intrainqueue(02) / ... para top(01)
Mensaje D / 00:00:00:000 / top(01) / ... para Root(00)
Mensaje X / 00:00:00:100 / Root(00) / passengerin /    141.00000 para top(01)
Mensaje X / 00:00:00:100 / top(01) / passengerin /    141.00000 para intrainqueue(02)
Mensaje D / 00:00:00:100 / intrainqueue(02) / ... para top(01)
Mensaje D / 00:00:00:100 / top(01) / ... para Root(00)
Mensaje X / 00:00:00:200 / Root(00) / passengerin /    132.00000 para top(01)
Mensaje X / 00:00:00:200 / top(01) / passengerin /    132.00000 para intrainqueue(02)
Mensaje D / 00:00:00:200 / intrainqueue(02) / ... para top(01)
Mensaje D / 00:00:00:200 / top(01) / ... para Root(00)
Mensaje X / 00:00:00:300 / Root(00) / passengerin /    115.00000 para top(01)
Mensaje X / 00:00:00:300 / top(01) / passengerin /    115.00000 para intrainqueue(02)
Mensaje D / 00:00:00:300 / intrainqueue(02) / ... para top(01)
Mensaje D / 00:00:00:300 / top(01) / ... para Root(00)
Mensaje X / 00:00:00:500 / Root(00) / passengerin /    121.00000 para top(01)
Mensaje X / 00:00:00:500 / top(01) / passengerin /    121.00000 para intrainqueue(02)
Mensaje D / 00:00:00:500 / intrainqueue(02) / ... para top(01)
Mensaje D / 00:00:00:500 / top(01) / ... para Root(00)
Mensaje X / 00:00:00:501 / Root(00) / passengerin /    433.00000 para top(01)
Mensaje X / 00:00:00:501 / top(01) / passengerin /    433.00000 para intrainqueue(02)
Mensaje D / 00:00:00:501 / intrainqueue(02) / 00:00:00:000 para top(01)
Mensaje D / 00:00:00:501 / top(01) / 00:00:00:000 para Root(00)
Mensaje * / 00:00:00:501 / Root(00) para top(01)
Mensaje * / 00:00:00:501 / top(01) para intrainqueue(02)
Mensaje D / 00:00:00:501 / intrainqueue(02) / ... para top(01)
Mensaje D / 00:00:00:501 / top(01) / ... para Root(00)
Mensaje X / 00:00:00:600 / Root(00) / passengerin /    531.00000 para top(01)
Mensaje X / 00:00:00:600 / top(01) / passengerin /    531.00000 para intrainqueue(02)
Mensaje D / 00:00:00:600 / intrainqueue(02) / ... para top(01)
Mensaje D / 00:00:00:600 / top(01) / ... para Root(00)
Mensaje X / 00:00:00:801 / Root(00) / stationnumber /     13.00000 para top(01)
Mensaje X / 00:00:00:801 / top(01) / stationnumberin /     13.00000 para intrainqueue(02)
Mensaje D / 00:00:00:801 / intrainqueue(02) / 00:00:00:025 para top(01)
Mensaje D / 00:00:00:801 / top(01) / 00:00:00:025 para Root(00)
Mensaje * / 00:00:00:826 / Root(00) para top(01)
Mensaje * / 00:00:00:826 / top(01) para intrainqueue(02)
Mensaje Y / 00:00:00:826 / intrainqueue(02) / passengerout /    433.00000 para top(01)
Mensaje D / 00:00:00:826 / intrainqueue(02) / ... para top(01)
Mensaje Y / 00:00:00:826 / top(01) / passengerout /    433.00000 para Root(00)
Mensaje D / 00:00:00:826 / top(01) / ... para Root(00)
Mensaje X / 00:00:01:000 / Root(00) / passengerin /    761.00000 para top(01)
Mensaje X / 00:00:01:000 / top(01) / passengerin /    761.00000 para intrainqueue(02)
Mensaje D / 00:00:01:000 / intrainqueue(02) / ... para top(01)
Mensaje D / 00:00:01:000 / top(01) / ... para Root(00)
Mensaje X / 00:00:02:000 / Root(00) / stationnumber /      1.00000 para top(01)
Mensaje X / 00:00:02:000 / top(01) / stationnumberin /      1.00000 para intrainqueue(02)
Mensaje D / 00:00:02:000 / intrainqueue(02) / ... para top(01)
Mensaje D / 00:00:02:000 / top(01) / ... para Root(00)
