Mensaje I / 00:00:00:000 / Root(00) para top(01)
Mensaje I / 00:00:00:000 / top(01) para stationqueue(02)
Mensaje D / 00:00:00:000 / stationqueue(02) / ... para top(01)
Mensaje D / 00:00:00:000 / top(01) / ... para Root(00)
Mensaje X / 00:00:00:100 / Root(00) / passengerin /    141.00000 para top(01)
Mensaje X / 00:00:00:100 / top(01) / passengerin /    141.00000 para stationqueue(02)
Mensaje D / 00:00:00:100 / stationqueue(02) / 00:00:00:000 para top(01)
Mensaje D / 00:00:00:100 / top(01) / 00:00:00:000 para Root(00)
Mensaje * / 00:00:00:100 / Root(00) para top(01)
Mensaje * / 00:00:00:100 / top(01) para stationqueue(02)
Mensaje D / 00:00:00:100 / stationqueue(02) / ... para top(01)
Mensaje D / 00:00:00:100 / top(01) / ... para Root(00)
Mensaje X / 00:00:00:200 / Root(00) / passengerin /    132.00000 para top(01)
Mensaje X / 00:00:00:200 / top(01) / passengerin /    132.00000 para stationqueue(02)
Mensaje D / 00:00:00:200 / stationqueue(02) / 00:00:00:000 para top(01)
Mensaje D / 00:00:00:200 / top(01) / 00:00:00:000 para Root(00)
Mensaje * / 00:00:00:200 / Root(00) para top(01)
Mensaje * / 00:00:00:200 / top(01) para stationqueue(02)
Mensaje D / 00:00:00:200 / stationqueue(02) / ... para top(01)
Mensaje D / 00:00:00:200 / top(01) / ... para Root(00)
Mensaje X / 00:00:00:300 / Root(00) / passengerin /    115.00000 para top(01)
Mensaje X / 00:00:00:300 / top(01) / passengerin /    115.00000 para stationqueue(02)
Mensaje D / 00:00:00:300 / stationqueue(02) / 00:00:00:000 para top(01)
Mensaje D / 00:00:00:300 / top(01) / 00:00:00:000 para Root(00)
Mensaje * / 00:00:00:300 / Root(00) para top(01)
Mensaje * / 00:00:00:300 / top(01) para stationqueue(02)
Mensaje D / 00:00:00:300 / stationqueue(02) / ... para top(01)
Mensaje D / 00:00:00:300 / top(01) / ... para Root(00)
Mensaje X / 00:00:00:500 / Root(00) / passengerin /    121.00000 para top(01)
Mensaje X / 00:00:00:500 / top(01) / passengerin /    121.00000 para stationqueue(02)
Mensaje D / 00:00:00:500 / stationqueue(02) / 00:00:00:000 para top(01)
Mensaje D / 00:00:00:500 / top(01) / 00:00:00:000 para Root(00)
Mensaje * / 00:00:00:500 / Root(00) para top(01)
Mensaje * / 00:00:00:500 / top(01) para stationqueue(02)
Mensaje D / 00:00:00:500 / stationqueue(02) / ... para top(01)
Mensaje D / 00:00:00:500 / top(01) / ... para Root(00)
Mensaje X / 00:00:00:501 / Root(00) / passengerin /    431.00000 para top(01)
Mensaje X / 00:00:00:501 / top(01) / passengerin /    431.00000 para stationqueue(02)
Mensaje D / 00:00:00:501 / stationqueue(02) / 00:00:00:000 para top(01)
Mensaje D / 00:00:00:501 / top(01) / 00:00:00:000 para Root(00)
Mensaje * / 00:00:00:501 / Root(00) para top(01)
Mensaje * / 00:00:00:501 / top(01) para stationqueue(02)
Mensaje D / 00:00:00:501 / stationqueue(02) / ... para top(01)
Mensaje D / 00:00:00:501 / top(01) / ... para Root(00)
Mensaje X / 00:00:00:600 / Root(00) / passengerin /    531.00000 para top(01)
Mensaje X / 00:00:00:600 / top(01) / passengerin /    531.00000 para stationqueue(02)
Mensaje D / 00:00:00:600 / stationqueue(02) / 00:00:00:000 para top(01)
Mensaje D / 00:00:00:600 / top(01) / 00:00:00:000 para Root(00)
Mensaje * / 00:00:00:600 / Root(00) para top(01)
Mensaje * / 00:00:00:600 / top(01) para stationqueue(02)
Mensaje D / 00:00:00:600 / stationqueue(02) / ... para top(01)
Mensaje D / 00:00:00:600 / top(01) / ... para Root(00)
Mensaje X / 00:00:00:800 / Root(00) / stationnumber /     13.00000 para top(01)
Mensaje X / 00:00:00:800 / top(01) / stationnumberin /     13.00000 para stationqueue(02)
Mensaje D / 00:00:00:800 / stationqueue(02) / 00:00:00:025 para top(01)
Mensaje D / 00:00:00:800 / top(01) / 00:00:00:025 para Root(00)
Mensaje X / 00:00:00:825 / Root(00) / passengerin /    761.00000 para top(01)
Mensaje X / 00:00:00:825 / top(01) / passengerin /    761.00000 para stationqueue(02)
Mensaje D / 00:00:00:825 / stationqueue(02) / 00:00:00:000 para top(01)
Mensaje D / 00:00:00:825 / top(01) / 00:00:00:000 para Root(00)
Mensaje * / 00:00:00:825 / Root(00) para top(01)
Mensaje * / 00:00:00:825 / top(01) para stationqueue(02)
Mensaje Y / 00:00:00:825 / stationqueue(02) / passengerout /    141.00000 para top(01)
Mensaje D / 00:00:00:825 / stationqueue(02) / 00:00:00:025 para top(01)
Mensaje Y / 00:00:00:825 / top(01) / passengerout /    141.00000 para Root(00)
Mensaje D / 00:00:00:825 / top(01) / 00:00:00:025 para Root(00)
Mensaje * / 00:00:00:850 / Root(00) para top(01)
Mensaje * / 00:00:00:850 / top(01) para stationqueue(02)
Mensaje Y / 00:00:00:850 / stationqueue(02) / passengerout /    132.00000 para top(01)
Mensaje D / 00:00:00:850 / stationqueue(02) / 00:00:00:025 para top(01)
Mensaje Y / 00:00:00:850 / top(01) / passengerout /    132.00000 para Root(00)
Mensaje D / 00:00:00:850 / top(01) / 00:00:00:025 para Root(00)
Mensaje * / 00:00:00:875 / Root(00) para top(01)
Mensaje * / 00:00:00:875 / top(01) para stationqueue(02)
Mensaje Y / 00:00:00:875 / stationqueue(02) / passengerout /    115.00000 para top(01)
Mensaje D / 00:00:00:875 / stationqueue(02) / 00:00:00:025 para top(01)
Mensaje Y / 00:00:00:875 / top(01) / passengerout /    115.00000 para Root(00)
Mensaje D / 00:00:00:875 / top(01) / 00:00:00:025 para Root(00)
Mensaje * / 00:00:00:900 / Root(00) para top(01)
Mensaje * / 00:00:00:900 / top(01) para stationqueue(02)
Mensaje Y / 00:00:00:900 / stationqueue(02) / passengerout /    121.00000 para top(01)
Mensaje D / 00:00:00:900 / stationqueue(02) / 00:00:00:025 para top(01)
Mensaje Y / 00:00:00:900 / top(01) / passengerout /    121.00000 para Root(00)
Mensaje D / 00:00:00:900 / top(01) / 00:00:00:025 para Root(00)
Mensaje * / 00:00:00:925 / Root(00) para top(01)
Mensaje * / 00:00:00:925 / top(01) para stationqueue(02)
Mensaje Y / 00:00:00:925 / stationqueue(02) / passengerout /    431.00000 para top(01)
Mensaje D / 00:00:00:925 / stationqueue(02) / 00:00:00:025 para top(01)
Mensaje Y / 00:00:00:925 / top(01) / passengerout /    431.00000 para Root(00)
Mensaje D / 00:00:00:925 / top(01) / 00:00:00:025 para Root(00)
Mensaje * / 00:00:00:950 / Root(00) para top(01)
Mensaje * / 00:00:00:950 / top(01) para stationqueue(02)
Mensaje Y / 00:00:00:950 / stationqueue(02) / passengerout /    531.00000 para top(01)
Mensaje D / 00:00:00:950 / stationqueue(02) / ... para top(01)
Mensaje Y / 00:00:00:950 / top(01) / passengerout /    531.00000 para Root(00)
Mensaje D / 00:00:00:950 / top(01) / ... para Root(00)
Mensaje X / 00:00:02:000 / Root(00) / stationnumber /      1.00000 para top(01)
Mensaje X / 00:00:02:000 / top(01) / stationnumberin /      1.00000 para stationqueue(02)
Mensaje D / 00:00:02:000 / stationqueue(02) / ... para top(01)
Mensaje D / 00:00:02:000 / top(01) / ... para Root(00)
Mensaje X / 00:00:08:000 / Root(00) / passengerin /    154.00000 para top(01)
Mensaje X / 00:00:08:000 / top(01) / passengerin /    154.00000 para stationqueue(02)
Mensaje D / 00:00:08:000 / stationqueue(02) / 00:00:00:000 para top(01)
Mensaje D / 00:00:08:000 / top(01) / 00:00:00:000 para Root(00)
Mensaje * / 00:00:08:000 / Root(00) para top(01)
Mensaje * / 00:00:08:000 / top(01) para stationqueue(02)
Mensaje D / 00:00:08:000 / stationqueue(02) / ... para top(01)
Mensaje D / 00:00:08:000 / top(01) / ... para Root(00)
Mensaje X / 00:00:10:000 / Root(00) / passengerin /    395.00000 para top(01)
Mensaje X / 00:00:10:000 / top(01) / passengerin /    395.00000 para stationqueue(02)
Mensaje D / 00:00:10:000 / stationqueue(02) / 00:00:00:000 para top(01)
Mensaje D / 00:00:10:000 / top(01) / 00:00:00:000 para Root(00)
Mensaje * / 00:00:10:000 / Root(00) para top(01)
Mensaje * / 00:00:10:000 / top(01) para stationqueue(02)
Mensaje D / 00:00:10:000 / stationqueue(02) / ... para top(01)
Mensaje D / 00:00:10:000 / top(01) / ... para Root(00)
Mensaje X / 00:00:11:000 / Root(00) / stationnumber /     13.00000 para top(01)
Mensaje X / 00:00:11:000 / top(01) / stationnumberin /     13.00000 para stationqueue(02)
Mensaje D / 00:00:11:000 / stationqueue(02) / 00:00:00:025 para top(01)
Mensaje D / 00:00:11:000 / top(01) / 00:00:00:025 para Root(00)
Mensaje * / 00:00:11:025 / Root(00) para top(01)
Mensaje * / 00:00:11:025 / top(01) para stationqueue(02)
Mensaje Y / 00:00:11:025 / stationqueue(02) / passengerout /    154.00000 para top(01)
Mensaje D / 00:00:11:025 / stationqueue(02) / 00:00:00:025 para top(01)
Mensaje Y / 00:00:11:025 / top(01) / passengerout /    154.00000 para Root(00)
Mensaje D / 00:00:11:025 / top(01) / 00:00:00:025 para Root(00)
Mensaje * / 00:00:11:050 / Root(00) para top(01)
Mensaje * / 00:00:11:050 / top(01) para stationqueue(02)
Mensaje Y / 00:00:11:050 / stationqueue(02) / passengerout /    395.00000 para top(01)
Mensaje D / 00:00:11:050 / stationqueue(02) / ... para top(01)
Mensaje Y / 00:00:11:050 / top(01) / passengerout /    395.00000 para Root(00)
Mensaje D / 00:00:11:050 / top(01) / ... para Root(00)
