Mensaje I / 00:00:00:000 / Root(00) para top(01)
Mensaje I / 00:00:00:000 / top(01) para station(02)
Mensaje D / 00:00:00:000 / station(02) / 00:00:00:000 para top(01)
Mensaje D / 00:00:00:000 / top(01) / 00:00:00:000 para Root(00)
Mensaje * / 00:00:00:000 / Root(00) para top(01)
Mensaje * / 00:00:00:000 / top(01) para station(02)
Mensaje Y / 00:00:00:000 / station(02) / passengerinitial /      0.00000 para top(01)
Mensaje D / 00:00:00:000 / station(02) / 00:00:04:000 para top(01)
Mensaje Y / 00:00:00:000 / top(01) / passengerinitial /      0.00000 para Root(00)
Mensaje D / 00:00:00:000 / top(01) / 00:00:04:000 para Root(00)
Mensaje * / 00:00:04:000 / Root(00) para top(01)
Mensaje * / 00:00:04:000 / top(01) para station(02)
Mensaje Y / 00:00:04:000 / station(02) / passengerinitial /    121.00000 para top(01)
Mensaje D / 00:00:04:000 / station(02) / 00:00:00:000 para top(01)
Mensaje Y / 00:00:04:000 / top(01) / passengerinitial /    121.00000 para Root(00)
Mensaje D / 00:00:04:000 / top(01) / 00:00:00:000 para Root(00)
Mensaje * / 00:00:04:000 / Root(00) para top(01)
Mensaje * / 00:00:04:000 / top(01) para station(02)
Mensaje Y / 00:00:04:000 / station(02) / passengerinitial /    223.00000 para top(01)
Mensaje D / 00:00:04:000 / station(02) / 00:00:00:000 para top(01)
Mensaje Y / 00:00:04:000 / top(01) / passengerinitial /    223.00000 para Root(00)
Mensaje D / 00:00:04:000 / top(01) / 00:00:00:000 para Root(00)
Mensaje * / 00:00:04:000 / Root(00) para top(01)
Mensaje * / 00:00:04:000 / top(01) para station(02)
Mensaje Y / 00:00:04:000 / station(02) / passengerinitial /    323.00000 para top(01)
Mensaje D / 00:00:04:000 / station(02) / 00:00:09:000 para top(01)
Mensaje Y / 00:00:04:000 / top(01) / passengerinitial /    323.00000 para Root(00)
Mensaje D / 00:00:04:000 / top(01) / 00:00:09:000 para Root(00)
Mensaje * / 00:00:13:000 / Root(00) para top(01)
Mensaje * / 00:00:13:000 / top(01) para station(02)
Mensaje Y / 00:00:13:000 / station(02) / passengerinitial /    424.00000 para top(01)
Mensaje D / 00:00:13:000 / station(02) / 00:00:07:000 para top(01)
Mensaje Y / 00:00:13:000 / top(01) / passengerinitial /    424.00000 para Root(00)
Mensaje D / 00:00:13:000 / top(01) / 00:00:07:000 para Root(00)
Mensaje * / 00:00:20:000 / Root(00) para top(01)
Mensaje * / 00:00:20:000 / top(01) para station(02)
Mensaje D / 00:00:20:000 / station(02) / 00:00:02:000 para top(01)
Mensaje D / 00:00:20:000 / top(01) / 00:00:02:000 para Root(00)
Mensaje * / 00:00:22:000 / Root(00) para top(01)
Mensaje * / 00:00:22:000 / top(01) para station(02)
Mensaje Y / 00:00:22:000 / station(02) / passengerinitial /    624.00000 para top(01)
Mensaje D / 00:00:22:000 / station(02) / 00:00:04:000 para top(01)
Mensaje Y / 00:00:22:000 / top(01) / passengerinitial /    624.00000 para Root(00)
Mensaje D / 00:00:22:000 / top(01) / 00:00:04:000 para Root(00)
Mensaje * / 00:00:26:000 / Root(00) para top(01)
Mensaje * / 00:00:26:000 / top(01) para station(02)
Mensaje Y / 00:00:26:000 / station(02) / passengerinitial /    724.00000 para top(01)
Mensaje D / 00:00:26:000 / station(02) / 00:00:08:000 para top(01)
Mensaje Y / 00:00:26:000 / top(01) / passengerinitial /    724.00000 para Root(00)
Mensaje D / 00:00:26:000 / top(01) / 00:00:08:000 para Root(00)
Mensaje * / 00:00:34:000 / Root(00) para top(01)
Mensaje * / 00:00:34:000 / top(01) para station(02)
Mensaje Y / 00:00:34:000 / station(02) / passengerinitial /    825.00000 para top(01)
Mensaje D / 00:00:34:000 / station(02) / 00:00:05:000 para top(01)
Mensaje Y / 00:00:34:000 / top(01) / passengerinitial /    825.00000 para Root(00)
Mensaje D / 00:00:34:000 / top(01) / 00:00:05:000 para Root(00)
Mensaje * / 00:00:39:000 / Root(00) para top(01)
Mensaje * / 00:00:39:000 / top(01) para station(02)
Mensaje Y / 00:00:39:000 / station(02) / passengerinitial /    921.00000 para top(01)
Mensaje D / 00:00:39:000 / station(02) / 00:00:01:000 para top(01)
Mensaje Y / 00:00:39:000 / top(01) / passengerinitial /    921.00000 para Root(00)
Mensaje D / 00:00:39:000 / top(01) / 00:00:01:000 para Root(00)
Mensaje * / 00:00:40:000 / Root(00) para top(01)
Mensaje * / 00:00:40:000 / top(01) para station(02)
Mensaje Y / 00:00:40:000 / station(02) / passengerinitial /   1021.00000 para top(01)
Mensaje D / 00:00:40:000 / station(02) / 00:00:06:000 para top(01)
Mensaje Y / 00:00:40:000 / top(01) / passengerinitial /   1021.00000 para Root(00)
Mensaje D / 00:00:40:000 / top(01) / 00:00:06:000 para Root(00)
Mensaje * / 00:00:46:000 / Root(00) para top(01)
Mensaje * / 00:00:46:000 / top(01) para station(02)
Mensaje Y / 00:00:46:000 / station(02) / passengerinitial /   1125.00000 para top(01)
Mensaje D / 00:00:46:000 / station(02) / 00:00:03:000 para top(01)
Mensaje Y / 00:00:46:000 / top(01) / passengerinitial /   1125.00000 para Root(00)
Mensaje D / 00:00:46:000 / top(01) / 00:00:03:000 para Root(00)
Mensaje * / 00:00:49:000 / Root(00) para top(01)
Mensaje * / 00:00:49:000 / top(01) para station(02)
Mensaje Y / 00:00:49:000 / station(02) / passengerinitial /   1225.00000 para top(01)
Mensaje D / 00:00:49:000 / station(02) / 00:00:01:000 para top(01)
Mensaje Y / 00:00:49:000 / top(01) / passengerinitial /   1225.00000 para Root(00)
Mensaje D / 00:00:49:000 / top(01) / 00:00:01:000 para Root(00)
Mensaje * / 00:00:50:000 / Root(00) para top(01)
Mensaje * / 00:00:50:000 / top(01) para station(02)
Mensaje Y / 00:00:50:000 / station(02) / passengerinitial /   1323.00000 para top(01)
Mensaje D / 00:00:50:000 / station(02) / 00:00:04:000 para top(01)
Mensaje Y / 00:00:50:000 / top(01) / passengerinitial /   1323.00000 para Root(00)
Mensaje D / 00:00:50:000 / top(01) / 00:00:04:000 para Root(00)
Mensaje * / 00:00:54:000 / Root(00) para top(01)
Mensaje * / 00:00:54:000 / top(01) para station(02)
Mensaje Y / 00:00:54:000 / station(02) / passengerinitial /   1423.00000 para top(01)
Mensaje D / 00:00:54:000 / station(02) / 00:00:02:000 para top(01)
Mensaje Y / 00:00:54:000 / top(01) / passengerinitial /   1423.00000 para Root(00)
Mensaje D / 00:00:54:000 / top(01) / 00:00:02:000 para Root(00)
Mensaje * / 00:00:56:000 / Root(00) para top(01)
Mensaje * / 00:00:56:000 / top(01) para station(02)
Mensaje Y / 00:00:56:000 / station(02) / passengerinitial /   1523.00000 para top(01)
Mensaje D / 00:00:56:000 / station(02) / 00:00:07:000 para top(01)
Mensaje Y / 00:00:56:000 / top(01) / passengerinitial /   1523.00000 para Root(00)
Mensaje D / 00:00:56:000 / top(01) / 00:00:07:000 para Root(00)
Mensaje * / 00:01:03:000 / Root(00) para top(01)
Mensaje * / 00:01:03:000 / top(01) para station(02)
Mensaje Y / 00:01:03:000 / station(02) / passengerinitial /   1625.00000 para top(01)
Mensaje D / 00:01:03:000 / station(02) / 00:00:02:000 para top(01)
Mensaje Y / 00:01:03:000 / top(01) / passengerinitial /   1625.00000 para Root(00)
Mensaje D / 00:01:03:000 / top(01) / 00:00:02:000 para Root(00)
Mensaje * / 00:01:05:000 / Root(00) para top(01)
Mensaje * / 00:01:05:000 / top(01) para station(02)
Mensaje D / 00:01:05:000 / station(02) / 00:00:01:000 para top(01)
Mensaje D / 00:01:05:000 / top(01) / 00:00:01:000 para Root(00)
Mensaje * / 00:01:06:000 / Root(00) para top(01)
Mensaje * / 00:01:06:000 / top(01) para station(02)
Mensaje Y / 00:01:06:000 / station(02) / passengerinitial /   1824.00000 para top(01)
Mensaje D / 00:01:06:000 / station(02) / 00:00:10:000 para top(01)
Mensaje Y / 00:01:06:000 / top(01) / passengerinitial /   1824.00000 para Root(00)
Mensaje D / 00:01:06:000 / top(01) / 00:00:10:000 para Root(00)
Mensaje * / 00:01:16:000 / Root(00) para top(01)
Mensaje * / 00:01:16:000 / top(01) para station(02)
Mensaje Y / 00:01:16:000 / station(02) / passengerinitial /   1921.00000 para top(01)
Mensaje D / 00:01:16:000 / station(02) / 00:00:02:000 para top(01)
Mensaje Y / 00:01:16:000 / top(01) / passengerinitial /   1921.00000 para Root(00)
Mensaje D / 00:01:16:000 / top(01) / 00:00:02:000 para Root(00)
Mensaje * / 00:01:18:000 / Root(00) para top(01)
Mensaje * / 00:01:18:000 / top(01) para station(02)
Mensaje Y / 00:01:18:000 / station(02) / passengerinitial /   2021.00000 para top(01)
Mensaje D / 00:01:18:000 / station(02) / 00:00:12:000 para top(01)
Mensaje Y / 00:01:18:000 / top(01) / passengerinitial /   2021.00000 para Root(00)
Mensaje D / 00:01:18:000 / top(01) / 00:00:12:000 para Root(00)
Mensaje * / 00:01:30:000 / Root(00) para top(01)
Mensaje * / 00:01:30:000 / top(01) para station(02)
Mensaje Y / 00:01:30:000 / station(02) / passengerinitial /   2121.00000 para top(01)
Mensaje D / 00:01:30:000 / station(02) / 00:00:08:000 para top(01)
Mensaje Y / 00:01:30:000 / top(01) / passengerinitial /   2121.00000 para Root(00)
Mensaje D / 00:01:30:000 / top(01) / 00:00:08:000 para Root(00)
Mensaje * / 00:01:38:000 / Root(00) para top(01)
Mensaje * / 00:01:38:000 / top(01) para station(02)
Mensaje Y / 00:01:38:000 / station(02) / passengerinitial /   2223.00000 para top(01)
Mensaje D / 00:01:38:000 / station(02) / 00:00:11:000 para top(01)
Mensaje Y / 00:01:38:000 / top(01) / passengerinitial /   2223.00000 para Root(00)
Mensaje D / 00:01:38:000 / top(01) / 00:00:11:000 para Root(00)
Mensaje * / 00:01:49:000 / Root(00) para top(01)
Mensaje * / 00:01:49:000 / top(01) para station(02)
Mensaje Y / 00:01:49:000 / station(02) / passengerinitial /   2321.00000 para top(01)
Mensaje D / 00:01:49:000 / station(02) / 00:00:06:000 para top(01)
Mensaje Y / 00:01:49:000 / top(01) / passengerinitial /   2321.00000 para Root(00)
Mensaje D / 00:01:49:000 / top(01) / 00:00:06:000 para Root(00)
Mensaje * / 00:01:55:000 / Root(00) para top(01)
Mensaje * / 00:01:55:000 / top(01) para station(02)
Mensaje Y / 00:01:55:000 / station(02) / passengerinitial /   2421.00000 para top(01)
Mensaje D / 00:01:55:000 / station(02) / 00:00:02:000 para top(01)
Mensaje Y / 00:01:55:000 / top(01) / passengerinitial /   2421.00000 para Root(00)
Mensaje D / 00:01:55:000 / top(01) / 00:00:02:000 para Root(00)
Mensaje * / 00:01:57:000 / Root(00) para top(01)
Mensaje * / 00:01:57:000 / top(01) para station(02)
Mensaje Y / 00:01:57:000 / station(02) / passengerinitial /   2525.00000 para top(01)
Mensaje D / 00:01:57:000 / station(02) / 00:00:08:000 para top(01)
Mensaje Y / 00:01:57:000 / top(01) / passengerinitial /   2525.00000 para Root(00)
Mensaje D / 00:01:57:000 / top(01) / 00:00:08:000 para Root(00)
Mensaje * / 00:02:05:000 / Root(00) para top(01)
Mensaje * / 00:02:05:000 / top(01) para station(02)
Mensaje Y / 00:02:05:000 / station(02) / passengerinitial /   2625.00000 para top(01)
Mensaje D / 00:02:05:000 / station(02) / 00:00:00:000 para top(01)
Mensaje Y / 00:02:05:000 / top(01) / passengerinitial /   2625.00000 para Root(00)
Mensaje D / 00:02:05:000 / top(01) / 00:00:00:000 para Root(00)
Mensaje * / 00:02:05:000 / Root(00) para top(01)
Mensaje * / 00:02:05:000 / top(01) para station(02)
Mensaje Y / 00:02:05:000 / station(02) / passengerinitial /   2721.00000 para top(01)
Mensaje D / 00:02:05:000 / station(02) / 00:00:04:000 para top(01)
Mensaje Y / 00:02:05:000 / top(01) / passengerinitial /   2721.00000 para Root(00)
Mensaje D / 00:02:05:000 / top(01) / 00:00:04:000 para Root(00)
Mensaje * / 00:02:09:000 / Root(00) para top(01)
Mensaje * / 00:02:09:000 / top(01) para station(02)
Mensaje Y / 00:02:09:000 / station(02) / passengerinitial /   2825.00000 para top(01)
Mensaje D / 00:02:09:000 / station(02) / 00:00:11:000 para top(01)
Mensaje Y / 00:02:09:000 / top(01) / passengerinitial /   2825.00000 para Root(00)
Mensaje D / 00:02:09:000 / top(01) / 00:00:11:000 para Root(00)
Mensaje * / 00:02:20:000 / Root(00) para top(01)
Mensaje * / 00:02:20:000 / top(01) para station(02)
Mensaje D / 00:02:20:000 / station(02) / 00:00:07:000 para top(01)
Mensaje D / 00:02:20:000 / top(01) / 00:00:07:000 para Root(00)
Mensaje * / 00:02:27:000 / Root(00) para top(01)
Mensaje * / 00:02:27:000 / top(01) para station(02)
Mensaje D / 00:02:27:000 / station(02) / 00:00:02:000 para top(01)
Mensaje D / 00:02:27:000 / top(01) / 00:00:02:000 para Root(00)
Mensaje * / 00:02:29:000 / Root(00) para top(01)
Mensaje * / 00:02:29:000 / top(01) para station(02)
Mensaje Y / 00:02:29:000 / station(02) / passengerinitial /   3123.00000 para top(01)
Mensaje D / 00:02:29:000 / station(02) / 00:00:02:000 para top(01)
Mensaje Y / 00:02:29:000 / top(01) / passengerinitial /   3123.00000 para Root(00)
Mensaje D / 00:02:29:000 / top(01) / 00:00:02:000 para Root(00)
Mensaje * / 00:02:31:000 / Root(00) para top(01)
Mensaje * / 00:02:31:000 / top(01) para station(02)
Mensaje Y / 00:02:31:000 / station(02) / passengerinitial /   3221.00000 para top(01)
Mensaje D / 00:02:31:000 / station(02) / 00:00:06:000 para top(01)
Mensaje Y / 00:02:31:000 / top(01) / passengerinitial /   3221.00000 para Root(00)
Mensaje D / 00:02:31:000 / top(01) / 00:00:06:000 para Root(00)
Mensaje * / 00:02:37:000 / Root(00) para top(01)
Mensaje * / 00:02:37:000 / top(01) para station(02)
Mensaje Y / 00:02:37:000 / station(02) / passengerinitial /   3325.00000 para top(01)
Mensaje D / 00:02:37:000 / station(02) / 00:00:11:000 para top(01)
Mensaje Y / 00:02:37:000 / top(01) / passengerinitial /   3325.00000 para Root(00)
Mensaje D / 00:02:37:000 / top(01) / 00:00:11:000 para Root(00)
Mensaje * / 00:02:48:000 / Root(00) para top(01)
Mensaje * / 00:02:48:000 / top(01) para station(02)
Mensaje Y / 00:02:48:000 / station(02) / passengerinitial /   3421.00000 para top(01)
Mensaje D / 00:02:48:000 / station(02) / 00:00:09:000 para top(01)
Mensaje Y / 00:02:48:000 / top(01) / passengerinitial /   3421.00000 para Root(00)
Mensaje D / 00:02:48:000 / top(01) / 00:00:09:000 para Root(00)
Mensaje * / 00:02:57:000 / Root(00) para top(01)
Mensaje * / 00:02:57:000 / top(01) para station(02)
Mensaje Y / 00:02:57:000 / station(02) / passengerinitial /   3521.00000 para top(01)
Mensaje D / 00:02:57:000 / station(02) / 00:00:04:000 para top(01)
Mensaje Y / 00:02:57:000 / top(01) / passengerinitial /   3521.00000 para Root(00)
Mensaje D / 00:02:57:000 / top(01) / 00:00:04:000 para Root(00)
Mensaje * / 00:03:01:000 / Root(00) para top(01)
Mensaje * / 00:03:01:000 / top(01) para station(02)
Mensaje Y / 00:03:01:000 / station(02) / passengerinitial /   3625.00000 para top(01)
Mensaje D / 00:03:01:000 / station(02) / 00:00:02:000 para top(01)
Mensaje Y / 00:03:01:000 / top(01) / passengerinitial /   3625.00000 para Root(00)
Mensaje D / 00:03:01:000 / top(01) / 00:00:02:000 para Root(00)
Mensaje * / 00:03:03:000 / Root(00) para top(01)
Mensaje * / 00:03:03:000 / top(01) para station(02)
Mensaje Y / 00:03:03:000 / station(02) / passengerinitial /   3724.00000 para top(01)
Mensaje D / 00:03:03:000 / station(02) / 00:00:03:000 para top(01)
Mensaje Y / 00:03:03:000 / top(01) / passengerinitial /   3724.00000 para Root(00)
Mensaje D / 00:03:03:000 / top(01) / 00:00:03:000 para Root(00)
Mensaje * / 00:03:06:000 / Root(00) para top(01)
Mensaje * / 00:03:06:000 / top(01) para station(02)
Mensaje Y / 00:03:06:000 / station(02) / passengerinitial /   3821.00000 para top(01)
Mensaje D / 00:03:06:000 / station(02) / 00:00:09:000 para top(01)
Mensaje Y / 00:03:06:000 / top(01) / passengerinitial /   3821.00000 para Root(00)
Mensaje D / 00:03:06:000 / top(01) / 00:00:09:000 para Root(00)
Mensaje * / 00:03:15:000 / Root(00) para top(01)
Mensaje * / 00:03:15:000 / top(01) para station(02)
Mensaje Y / 00:03:15:000 / station(02) / passengerinitial /   3921.00000 para top(01)
Mensaje D / 00:03:15:000 / station(02) / 00:00:02:000 para top(01)
Mensaje Y / 00:03:15:000 / top(01) / passengerinitial /   3921.00000 para Root(00)
Mensaje D / 00:03:15:000 / top(01) / 00:00:02:000 para Root(00)
Mensaje * / 00:03:17:000 / Root(00) para top(01)
Mensaje * / 00:03:17:000 / top(01) para station(02)
Mensaje Y / 00:03:17:000 / station(02) / passengerinitial /   4025.00000 para top(01)
Mensaje D / 00:03:17:000 / station(02) / 00:00:03:000 para top(01)
Mensaje Y / 00:03:17:000 / top(01) / passengerinitial /   4025.00000 para Root(00)
Mensaje D / 00:03:17:000 / top(01) / 00:00:03:000 para Root(00)
Mensaje * / 00:03:20:000 / Root(00) para top(01)
Mensaje * / 00:03:20:000 / top(01) para station(02)
Mensaje Y / 00:03:20:000 / station(02) / passengerinitial /   4124.00000 para top(01)
Mensaje D / 00:03:20:000 / station(02) / 00:00:08:000 para top(01)
Mensaje Y / 00:03:20:000 / top(01) / passengerinitial /   4124.00000 para Root(00)
Mensaje D / 00:03:20:000 / top(01) / 00:00:08:000 para Root(00)
Mensaje * / 00:03:28:000 / Root(00) para top(01)
Mensaje * / 00:03:28:000 / top(01) para station(02)
Mensaje Y / 00:03:28:000 / station(02) / passengerinitial /   4223.00000 para top(01)
Mensaje D / 00:03:28:000 / station(02) / 00:00:08:000 para top(01)
Mensaje Y / 00:03:28:000 / top(01) / passengerinitial /   4223.00000 para Root(00)
Mensaje D / 00:03:28:000 / top(01) / 00:00:08:000 para Root(00)
Mensaje * / 00:03:36:000 / Root(00) para top(01)
Mensaje * / 00:03:36:000 / top(01) para station(02)
Mensaje Y / 00:03:36:000 / station(02) / passengerinitial /   4325.00000 para top(01)
Mensaje D / 00:03:36:000 / station(02) / 00:00:02:000 para top(01)
Mensaje Y / 00:03:36:000 / top(01) / passengerinitial /   4325.00000 para Root(00)
Mensaje D / 00:03:36:000 / top(01) / 00:00:02:000 para Root(00)
Mensaje * / 00:03:38:000 / Root(00) para top(01)
Mensaje * / 00:03:38:000 / top(01) para station(02)
Mensaje Y / 00:03:38:000 / station(02) / passengerinitial /   4424.00000 para top(01)
Mensaje D / 00:03:38:000 / station(02) / 00:00:03:000 para top(01)
Mensaje Y / 00:03:38:000 / top(01) / passengerinitial /   4424.00000 para Root(00)
Mensaje D / 00:03:38:000 / top(01) / 00:00:03:000 para Root(00)
Mensaje * / 00:03:41:000 / Root(00) para top(01)
Mensaje * / 00:03:41:000 / top(01) para station(02)
Mensaje D / 00:03:41:000 / station(02) / 00:00:11:000 para top(01)
Mensaje D / 00:03:41:000 / top(01) / 00:00:11:000 para Root(00)
Mensaje * / 00:03:52:000 / Root(00) para top(01)
Mensaje * / 00:03:52:000 / top(01) para station(02)
Mensaje Y / 00:03:52:000 / station(02) / passengerinitial /   4623.00000 para top(01)
Mensaje D / 00:03:52:000 / station(02) / 00:00:08:000 para top(01)
Mensaje Y / 00:03:52:000 / top(01) / passengerinitial /   4623.00000 para Root(00)
Mensaje D / 00:03:52:000 / top(01) / 00:00:08:000 para Root(00)
Mensaje * / 00:04:00:000 / Root(00) para top(01)
Mensaje * / 00:04:00:000 / top(01) para station(02)
Mensaje Y / 00:04:00:000 / station(02) / passengerinitial /   4725.00000 para top(01)
Mensaje D / 00:04:00:000 / station(02) / 00:00:03:000 para top(01)
Mensaje Y / 00:04:00:000 / top(01) / passengerinitial /   4725.00000 para Root(00)
Mensaje D / 00:04:00:000 / top(01) / 00:00:03:000 para Root(00)
Mensaje * / 00:04:03:000 / Root(00) para top(01)
Mensaje * / 00:04:03:000 / top(01) para station(02)
Mensaje Y / 00:04:03:000 / station(02) / passengerinitial /   4821.00000 para top(01)
Mensaje D / 00:04:03:000 / station(02) / 00:00:01:000 para top(01)
Mensaje Y / 00:04:03:000 / top(01) / passengerinitial /   4821.00000 para Root(00)
Mensaje D / 00:04:03:000 / top(01) / 00:00:01:000 para Root(00)
Mensaje * / 00:04:04:000 / Root(00) para top(01)
Mensaje * / 00:04:04:000 / top(01) para station(02)
Mensaje Y / 00:04:04:000 / station(02) / passengerinitial /   4924.00000 para top(01)
Mensaje D / 00:04:04:000 / station(02) / 00:00:03:000 para top(01)
Mensaje Y / 00:04:04:000 / top(01) / passengerinitial /   4924.00000 para Root(00)
Mensaje D / 00:04:04:000 / top(01) / 00:00:03:000 para Root(00)
Mensaje * / 00:04:07:000 / Root(00) para top(01)
Mensaje * / 00:04:07:000 / top(01) para station(02)
Mensaje Y / 00:04:07:000 / station(02) / passengerinitial /   5023.00000 para top(01)
Mensaje D / 00:04:07:000 / station(02) / 00:00:04:000 para top(01)
Mensaje Y / 00:04:07:000 / top(01) / passengerinitial /   5023.00000 para Root(00)
Mensaje D / 00:04:07:000 / top(01) / 00:00:04:000 para Root(00)
Mensaje * / 00:04:11:000 / Root(00) para top(01)
Mensaje * / 00:04:11:000 / top(01) para station(02)
Mensaje Y / 00:04:11:000 / station(02) / passengerinitial /   5123.00000 para top(01)
Mensaje D / 00:04:11:000 / station(02) / 00:00:08:000 para top(01)
Mensaje Y / 00:04:11:000 / top(01) / passengerinitial /   5123.00000 para Root(00)
Mensaje D / 00:04:11:000 / top(01) / 00:00:08:000 para Root(00)
Mensaje * / 00:04:19:000 / Root(00) para top(01)
Mensaje * / 00:04:19:000 / top(01) para station(02)
Mensaje D / 00:04:19:000 / station(02) / 00:00:18:000 para top(01)
Mensaje D / 00:04:19:000 / top(01) / 00:00:18:000 para Root(00)
Mensaje * / 00:04:37:000 / Root(00) para top(01)
Mensaje * / 00:04:37:000 / top(01) para station(02)
Mensaje Y / 00:04:37:000 / station(02) / passengerinitial /   5325.00000 para top(01)
Mensaje D / 00:04:37:000 / station(02) / 00:00:07:000 para top(01)
Mensaje Y / 00:04:37:000 / top(01) / passengerinitial /   5325.00000 para Root(00)
Mensaje D / 00:04:37:000 / top(01) / 00:00:07:000 para Root(00)
Mensaje * / 00:04:44:000 / Root(00) para top(01)
Mensaje * / 00:04:44:000 / top(01) para station(02)
Mensaje Y / 00:04:44:000 / station(02) / passengerinitial /   5424.00000 para top(01)
Mensaje D / 00:04:44:000 / station(02) / 00:00:08:000 para top(01)
Mensaje Y / 00:04:44:000 / top(01) / passengerinitial /   5424.00000 para Root(00)
Mensaje D / 00:04:44:000 / top(01) / 00:00:08:000 para Root(00)
Mensaje * / 00:04:52:000 / Root(00) para top(01)
Mensaje * / 00:04:52:000 / top(01) para station(02)
Mensaje Y / 00:04:52:000 / station(02) / passengerinitial /   5523.00000 para top(01)
Mensaje D / 00:04:52:000 / station(02) / 00:00:07:000 para top(01)
Mensaje Y / 00:04:52:000 / top(01) / passengerinitial /   5523.00000 para Root(00)
Mensaje D / 00:04:52:000 / top(01) / 00:00:07:000 para Root(00)
Mensaje * / 00:04:59:000 / Root(00) para top(01)
Mensaje * / 00:04:59:000 / top(01) para station(02)
Mensaje Y / 00:04:59:000 / station(02) / passengerinitial /   5623.00000 para top(01)
Mensaje D / 00:04:59:000 / station(02) / 00:00:10:000 para top(01)
Mensaje Y / 00:04:59:000 / top(01) / passengerinitial /   5623.00000 para Root(00)
Mensaje D / 00:04:59:000 / top(01) / 00:00:10:000 para Root(00)
