Mensaje I / 00:00:00:000 / Root(00) para top(01)
Mensaje I / 00:00:00:000 / top(01) para stationgenerator(02)
Mensaje D / 00:00:00:000 / stationgenerator(02) / 00:00:00:000 para top(01)
Mensaje D / 00:00:00:000 / top(01) / 00:00:00:000 para Root(00)
Mensaje * / 00:00:00:000 / Root(00) para top(01)
Mensaje * / 00:00:00:000 / top(01) para stationgenerator(02)
Mensaje Y / 00:00:00:000 / stationgenerator(02) / stationnumberout /      1.00000 para top(01)
Mensaje D / 00:00:00:000 / stationgenerator(02) / 00:03:45:000 para top(01)
Mensaje Y / 00:00:00:000 / top(01) / stationnumber /      1.00000 para Root(00)
Mensaje D / 00:00:00:000 / top(01) / 00:03:45:000 para Root(00)
Mensaje * / 00:03:45:000 / Root(00) para top(01)
Mensaje * / 00:03:45:000 / top(01) para stationgenerator(02)
Mensaje Y / 00:03:45:000 / stationgenerator(02) / stationnumberout /      2.00000 para top(01)
Mensaje D / 00:03:45:000 / stationgenerator(02) / 00:03:45:000 para top(01)
Mensaje Y / 00:03:45:000 / top(01) / stationnumber /      2.00000 para Root(00)
Mensaje D / 00:03:45:000 / top(01) / 00:03:45:000 para Root(00)
Mensaje * / 00:07:30:000 / Root(00) para top(01)
Mensaje * / 00:07:30:000 / top(01) para stationgenerator(02)
Mensaje Y / 00:07:30:000 / stationgenerator(02) / stationnumberout /      3.00000 para top(01)
Mensaje D / 00:07:30:000 / stationgenerator(02) / 00:03:45:000 para top(01)
Mensaje Y / 00:07:30:000 / top(01) / stationnumber /      3.00000 para Root(00)
Mensaje D / 00:07:30:000 / top(01) / 00:03:45:000 para Root(00)
Mensaje * / 00:11:15:000 / Root(00) para top(01)
Mensaje * / 00:11:15:000 / top(01) para stationgenerator(02)
Mensaje Y / 00:11:15:000 / stationgenerator(02) / stationnumberout /      4.00000 para top(01)
Mensaje D / 00:11:15:000 / stationgenerator(02) / 00:03:45:000 para top(01)
Mensaje Y / 00:11:15:000 / top(01) / stationnumber /      4.00000 para Root(00)
Mensaje D / 00:11:15:000 / top(01) / 00:03:45:000 para Root(00)
Mensaje * / 00:15:00:000 / Root(00) para top(01)
Mensaje * / 00:15:00:000 / top(01) para stationgenerator(02)
Mensaje Y / 00:15:00:000 / stationgenerator(02) / stationnumberout /     15.00000 para top(01)
Mensaje D / 00:15:00:000 / stationgenerator(02) / 00:03:45:000 para top(01)
Mensaje Y / 00:15:00:000 / top(01) / stationnumber /     15.00000 para Root(00)
Mensaje D / 00:15:00:000 / top(01) / 00:03:45:000 para Root(00)
Mensaje * / 00:18:45:000 / Root(00) para top(01)
Mensaje * / 00:18:45:000 / top(01) para stationgenerator(02)
Mensaje Y / 00:18:45:000 / stationgenerator(02) / stationnumberout /     14.00000 para top(01)
Mensaje D / 00:18:45:000 / stationgenerator(02) / 00:03:45:000 para top(01)
Mensaje Y / 00:18:45:000 / top(01) / stationnumber /     14.00000 para Root(00)
Mensaje D / 00:18:45:000 / top(01) / 00:03:45:000 para Root(00)
Mensaje * / 00:22:30:000 / Root(00) para top(01)
Mensaje * / 00:22:30:000 / top(01) para stationgenerator(02)
Mensaje Y / 00:22:30:000 / stationgenerator(02) / stationnumberout /     13.00000 para top(01)
Mensaje D / 00:22:30:000 / stationgenerator(02) / 00:03:45:000 para top(01)
Mensaje Y / 00:22:30:000 / top(01) / stationnumber /     13.00000 para Root(00)
Mensaje D / 00:22:30:000 / top(01) / 00:03:45:000 para Root(00)
Mensaje * / 00:26:15:000 / Root(00) para top(01)
Mensaje * / 00:26:15:000 / top(01) para stationgenerator(02)
Mensaje Y / 00:26:15:000 / stationgenerator(02) / stationnumberout /     12.00000 para top(01)
Mensaje D / 00:26:15:000 / stationgenerator(02) / 00:03:45:000 para top(01)
Mensaje Y / 00:26:15:000 / top(01) / stationnumber /     12.00000 para Root(00)
Mensaje D / 00:26:15:000 / top(01) / 00:03:45:000 para Root(00)
Mensaje * / 00:30:00:000 / Root(00) para top(01)
Mensaje * / 00:30:00:000 / top(01) para stationgenerator(02)
Mensaje Y / 00:30:00:000 / stationgenerator(02) / stationnumberout /      1.00000 para top(01)
Mensaje D / 00:30:00:000 / stationgenerator(02) / 00:03:45:000 para top(01)
Mensaje Y / 00:30:00:000 / top(01) / stationnumber /      1.00000 para Root(00)
Mensaje D / 00:30:00:000 / top(01) / 00:03:45:000 para Root(00)
Mensaje * / 00:33:45:000 / Root(00) para top(01)
Mensaje * / 00:33:45:000 / top(01) para stationgenerator(02)
Mensaje Y / 00:33:45:000 / stationgenerator(02) / stationnumberout /      2.00000 para top(01)
Mensaje D / 00:33:45:000 / stationgenerator(02) / 00:03:45:000 para top(01)
Mensaje Y / 00:33:45:000 / top(01) / stationnumber /      2.00000 para Root(00)
Mensaje D / 00:33:45:000 / top(01) / 00:03:45:000 para Root(00)
Mensaje * / 00:37:30:000 / Root(00) para top(01)
Mensaje * / 00:37:30:000 / top(01) para stationgenerator(02)
Mensaje Y / 00:37:30:000 / stationgenerator(02) / stationnumberout /      3.00000 para top(01)
Mensaje D / 00:37:30:000 / stationgenerator(02) / 00:03:45:000 para top(01)
Mensaje Y / 00:37:30:000 / top(01) / stationnumber /      3.00000 para Root(00)
Mensaje D / 00:37:30:000 / top(01) / 00:03:45:000 para Root(00)
Mensaje * / 00:41:15:000 / Root(00) para top(01)
Mensaje * / 00:41:15:000 / top(01) para stationgenerator(02)
Mensaje Y / 00:41:15:000 / stationgenerator(02) / stationnumberout /      4.00000 para top(01)
Mensaje D / 00:41:15:000 / stationgenerator(02) / 00:03:45:000 para top(01)
Mensaje Y / 00:41:15:000 / top(01) / stationnumber /      4.00000 para Root(00)
Mensaje D / 00:41:15:000 / top(01) / 00:03:45:000 para Root(00)
Mensaje * / 00:45:00:000 / Root(00) para top(01)
Mensaje * / 00:45:00:000 / top(01) para stationgenerator(02)
Mensaje Y / 00:45:00:000 / stationgenerator(02) / stationnumberout /     15.00000 para top(01)
Mensaje D / 00:45:00:000 / stationgenerator(02) / 00:03:45:000 para top(01)
Mensaje Y / 00:45:00:000 / top(01) / stationnumber /     15.00000 para Root(00)
Mensaje D / 00:45:00:000 / top(01) / 00:03:45:000 para Root(00)
